C:\Users\kiwizen\Desktop\kiwizen.code DSED\DSED-07\IMSWebApp\dist\out-tsc\e2e\app.po.js
C:\Users\kiwizen\Desktop\kiwizen.code DSED\DSED-07\IMSWebApp\dist\out-tsc\e2e\app.po.js.map
C:\Users\kiwizen\Desktop\kiwizen.code DSED\DSED-07\IMSWebApp\dist\out-tsc\e2e\app.e2e-spec.js
C:\Users\kiwizen\Desktop\kiwizen.code DSED\DSED-07\IMSWebApp\dist\out-tsc\e2e\app.e2e-spec.js.map
C:\Users\kiwizen\Desktop\kiwizen.code DSED\DSED-07\IMSWebApp\dist\out-tsc\ClientApp\app\app.component.js
C:\Users\kiwizen\Desktop\kiwizen.code DSED\DSED-07\IMSWebApp\dist\out-tsc\ClientApp\app\app.component.js.map
C:\Users\kiwizen\Desktop\kiwizen.code DSED\DSED-07\IMSWebApp\dist\out-tsc\ClientApp\app\app.module.js
C:\Users\kiwizen\Desktop\kiwizen.code DSED\DSED-07\IMSWebApp\dist\out-tsc\ClientApp\app\app.module.js.map
C:\Users\kiwizen\Desktop\kiwizen.code DSED\DSED-07\IMSWebApp\dist\out-tsc\ClientApp\environments\environment.js
C:\Users\kiwizen\Desktop\kiwizen.code DSED\DSED-07\IMSWebApp\dist\out-tsc\ClientApp\environments\environment.js.map
C:\Users\kiwizen\Desktop\kiwizen.code DSED\DSED-07\IMSWebApp\dist\out-tsc\ClientApp\main.js
C:\Users\kiwizen\Desktop\kiwizen.code DSED\DSED-07\IMSWebApp\dist\out-tsc\ClientApp\main.js.map
C:\Users\kiwizen\Desktop\kiwizen.code DSED\DSED-07\IMSWebApp\dist\out-tsc\ClientApp\polyfills.js
C:\Users\kiwizen\Desktop\kiwizen.code DSED\DSED-07\IMSWebApp\dist\out-tsc\ClientApp\polyfills.js.map
C:\Users\kiwizen\Desktop\kiwizen.code DSED\DSED-07\IMSWebApp\dist\out-tsc\ClientApp\test.js
C:\Users\kiwizen\Desktop\kiwizen.code DSED\DSED-07\IMSWebApp\dist\out-tsc\ClientApp\test.js.map
C:\Users\kiwizen\Desktop\kiwizen.code DSED\DSED-07\IMSWebApp\dist\out-tsc\ClientApp\environments\environment.prod.js
C:\Users\kiwizen\Desktop\kiwizen.code DSED\DSED-07\IMSWebApp\dist\out-tsc\ClientApp\environments\environment.prod.js.map
C:\Users\kiwizen\Desktop\kiwizen.code DSED\DSED-07\IMSWebApp\dist\out-tsc\e2e\app.po.js
C:\Users\kiwizen\Desktop\kiwizen.code DSED\DSED-07\IMSWebApp\dist\out-tsc\e2e\app.po.js.map
C:\Users\kiwizen\Desktop\kiwizen.code DSED\DSED-07\IMSWebApp\dist\out-tsc\e2e\app.e2e-spec.js
C:\Users\kiwizen\Desktop\kiwizen.code DSED\DSED-07\IMSWebApp\dist\out-tsc\e2e\app.e2e-spec.js.map
C:\Users\kiwizen\Desktop\kiwizen.code DSED\DSED-07\IMSWebApp\dist\out-tsc\ClientApp\app\app.component.js
C:\Users\kiwizen\Desktop\kiwizen.code DSED\DSED-07\IMSWebApp\dist\out-tsc\ClientApp\app\app.component.js.map
C:\Users\kiwizen\Desktop\kiwizen.code DSED\DSED-07\IMSWebApp\dist\out-tsc\ClientApp\app\app.module.js
C:\Users\kiwizen\Desktop\kiwizen.code DSED\DSED-07\IMSWebApp\dist\out-tsc\ClientApp\app\app.module.js.map
C:\Users\kiwizen\Desktop\kiwizen.code DSED\DSED-07\IMSWebApp\dist\out-tsc\ClientApp\environments\environment.js
C:\Users\kiwizen\Desktop\kiwizen.code DSED\DSED-07\IMSWebApp\dist\out-tsc\ClientApp\environments\environment.js.map
C:\Users\kiwizen\Desktop\kiwizen.code DSED\DSED-07\IMSWebApp\dist\out-tsc\ClientApp\main.js
C:\Users\kiwizen\Desktop\kiwizen.code DSED\DSED-07\IMSWebApp\dist\out-tsc\ClientApp\main.js.map
C:\Users\kiwizen\Desktop\kiwizen.code DSED\DSED-07\IMSWebApp\dist\out-tsc\ClientApp\polyfills.js
C:\Users\kiwizen\Desktop\kiwizen.code DSED\DSED-07\IMSWebApp\dist\out-tsc\ClientApp\polyfills.js.map
C:\Users\kiwizen\Desktop\kiwizen.code DSED\DSED-07\IMSWebApp\dist\out-tsc\ClientApp\test.js
C:\Users\kiwizen\Desktop\kiwizen.code DSED\DSED-07\IMSWebApp\dist\out-tsc\ClientApp\test.js.map
C:\Users\kiwizen\Desktop\kiwizen.code DSED\DSED-07\IMSWebApp\dist\out-tsc\ClientApp\environments\environment.prod.js
C:\Users\kiwizen\Desktop\kiwizen.code DSED\DSED-07\IMSWebApp\dist\out-tsc\ClientApp\environments\environment.prod.js.map
C:\Users\kiwizen\Desktop\kiwizen.code DSED\DSED-07\IMSWebApp\dist\out-tsc\e2e\app.po.js
C:\Users\kiwizen\Desktop\kiwizen.code DSED\DSED-07\IMSWebApp\dist\out-tsc\e2e\app.po.js.map
C:\Users\kiwizen\Desktop\kiwizen.code DSED\DSED-07\IMSWebApp\dist\out-tsc\e2e\app.e2e-spec.js
C:\Users\kiwizen\Desktop\kiwizen.code DSED\DSED-07\IMSWebApp\dist\out-tsc\e2e\app.e2e-spec.js.map
C:\Users\kiwizen\Desktop\kiwizen.code DSED\DSED-07\IMSWebApp\dist\out-tsc\ClientApp\app\app.component.js
C:\Users\kiwizen\Desktop\kiwizen.code DSED\DSED-07\IMSWebApp\dist\out-tsc\ClientApp\app\app.component.js.map
C:\Users\kiwizen\Desktop\kiwizen.code DSED\DSED-07\IMSWebApp\dist\out-tsc\ClientApp\app\app.module.js
C:\Users\kiwizen\Desktop\kiwizen.code DSED\DSED-07\IMSWebApp\dist\out-tsc\ClientApp\app\app.module.js.map
C:\Users\kiwizen\Desktop\kiwizen.code DSED\DSED-07\IMSWebApp\dist\out-tsc\ClientApp\environments\environment.js
C:\Users\kiwizen\Desktop\kiwizen.code DSED\DSED-07\IMSWebApp\dist\out-tsc\ClientApp\environments\environment.js.map
C:\Users\kiwizen\Desktop\kiwizen.code DSED\DSED-07\IMSWebApp\dist\out-tsc\ClientApp\main.js
C:\Users\kiwizen\Desktop\kiwizen.code DSED\DSED-07\IMSWebApp\dist\out-tsc\ClientApp\main.js.map
C:\Users\kiwizen\Desktop\kiwizen.code DSED\DSED-07\IMSWebApp\dist\out-tsc\ClientApp\polyfills.js
C:\Users\kiwizen\Desktop\kiwizen.code DSED\DSED-07\IMSWebApp\dist\out-tsc\ClientApp\polyfills.js.map
C:\Users\kiwizen\Desktop\kiwizen.code DSED\DSED-07\IMSWebApp\dist\out-tsc\ClientApp\test.js
C:\Users\kiwizen\Desktop\kiwizen.code DSED\DSED-07\IMSWebApp\dist\out-tsc\ClientApp\test.js.map
C:\Users\kiwizen\Desktop\kiwizen.code DSED\DSED-07\IMSWebApp\dist\out-tsc\ClientApp\environments\environment.prod.js
C:\Users\kiwizen\Desktop\kiwizen.code DSED\DSED-07\IMSWebApp\dist\out-tsc\ClientApp\environments\environment.prod.js.map
C:\Users\kiwizen\Desktop\kiwizen.code DSED\DSED-07\IMSWebApp\dist\out-tsc\e2e\app.po.js
C:\Users\kiwizen\Desktop\kiwizen.code DSED\DSED-07\IMSWebApp\dist\out-tsc\e2e\app.po.js.map
C:\Users\kiwizen\Desktop\kiwizen.code DSED\DSED-07\IMSWebApp\dist\out-tsc\e2e\app.e2e-spec.js
C:\Users\kiwizen\Desktop\kiwizen.code DSED\DSED-07\IMSWebApp\dist\out-tsc\e2e\app.e2e-spec.js.map
C:\Users\kiwizen\Desktop\kiwizen.code DSED\DSED-07\IMSWebApp\dist\out-tsc\ClientApp\app\app.component.js
C:\Users\kiwizen\Desktop\kiwizen.code DSED\DSED-07\IMSWebApp\dist\out-tsc\ClientApp\app\app.component.js.map
C:\Users\kiwizen\Desktop\kiwizen.code DSED\DSED-07\IMSWebApp\dist\out-tsc\ClientApp\app\app.module.js
C:\Users\kiwizen\Desktop\kiwizen.code DSED\DSED-07\IMSWebApp\dist\out-tsc\ClientApp\app\app.module.js.map
C:\Users\kiwizen\Desktop\kiwizen.code DSED\DSED-07\IMSWebApp\dist\out-tsc\ClientApp\environments\environment.js
C:\Users\kiwizen\Desktop\kiwizen.code DSED\DSED-07\IMSWebApp\dist\out-tsc\ClientApp\environments\environment.js.map
C:\Users\kiwizen\Desktop\kiwizen.code DSED\DSED-07\IMSWebApp\dist\out-tsc\ClientApp\main.js
C:\Users\kiwizen\Desktop\kiwizen.code DSED\DSED-07\IMSWebApp\dist\out-tsc\ClientApp\main.js.map
C:\Users\kiwizen\Desktop\kiwizen.code DSED\DSED-07\IMSWebApp\dist\out-tsc\ClientApp\polyfills.js
C:\Users\kiwizen\Desktop\kiwizen.code DSED\DSED-07\IMSWebApp\dist\out-tsc\ClientApp\polyfills.js.map
C:\Users\kiwizen\Desktop\kiwizen.code DSED\DSED-07\IMSWebApp\dist\out-tsc\ClientApp\test.js
C:\Users\kiwizen\Desktop\kiwizen.code DSED\DSED-07\IMSWebApp\dist\out-tsc\ClientApp\test.js.map
C:\Users\kiwizen\Desktop\kiwizen.code DSED\DSED-07\IMSWebApp\dist\out-tsc\ClientApp\environments\environment.prod.js
C:\Users\kiwizen\Desktop\kiwizen.code DSED\DSED-07\IMSWebApp\dist\out-tsc\ClientApp\environments\environment.prod.js.map
C:\Users\kiwizen\Desktop\kiwizen.code DSED\DSED-07\IMSWebApp\dist\out-tsc\e2e\app.po.js
C:\Users\kiwizen\Desktop\kiwizen.code DSED\DSED-07\IMSWebApp\dist\out-tsc\e2e\app.po.js.map
C:\Users\kiwizen\Desktop\kiwizen.code DSED\DSED-07\IMSWebApp\dist\out-tsc\e2e\app.e2e-spec.js
C:\Users\kiwizen\Desktop\kiwizen.code DSED\DSED-07\IMSWebApp\dist\out-tsc\e2e\app.e2e-spec.js.map
C:\Users\kiwizen\Desktop\kiwizen.code DSED\DSED-07\IMSWebApp\dist\out-tsc\ClientApp\app\app.component.js
C:\Users\kiwizen\Desktop\kiwizen.code DSED\DSED-07\IMSWebApp\dist\out-tsc\ClientApp\app\app.component.js.map
C:\Users\kiwizen\Desktop\kiwizen.code DSED\DSED-07\IMSWebApp\dist\out-tsc\ClientApp\app\app.module.js
C:\Users\kiwizen\Desktop\kiwizen.code DSED\DSED-07\IMSWebApp\dist\out-tsc\ClientApp\app\app.module.js.map
C:\Users\kiwizen\Desktop\kiwizen.code DSED\DSED-07\IMSWebApp\dist\out-tsc\ClientApp\environments\environment.js
C:\Users\kiwizen\Desktop\kiwizen.code DSED\DSED-07\IMSWebApp\dist\out-tsc\ClientApp\environments\environment.js.map
C:\Users\kiwizen\Desktop\kiwizen.code DSED\DSED-07\IMSWebApp\dist\out-tsc\ClientApp\main.js
C:\Users\kiwizen\Desktop\kiwizen.code DSED\DSED-07\IMSWebApp\dist\out-tsc\ClientApp\main.js.map
C:\Users\kiwizen\Desktop\kiwizen.code DSED\DSED-07\IMSWebApp\dist\out-tsc\ClientApp\polyfills.js
C:\Users\kiwizen\Desktop\kiwizen.code DSED\DSED-07\IMSWebApp\dist\out-tsc\ClientApp\polyfills.js.map
C:\Users\kiwizen\Desktop\kiwizen.code DSED\DSED-07\IMSWebApp\dist\out-tsc\ClientApp\test.js
C:\Users\kiwizen\Desktop\kiwizen.code DSED\DSED-07\IMSWebApp\dist\out-tsc\ClientApp\test.js.map
C:\Users\kiwizen\Desktop\kiwizen.code DSED\DSED-07\IMSWebApp\dist\out-tsc\ClientApp\environments\environment.prod.js
C:\Users\kiwizen\Desktop\kiwizen.code DSED\DSED-07\IMSWebApp\dist\out-tsc\ClientApp\environments\environment.prod.js.map
C:\Users\kiwizen\Desktop\kiwizen.code DSED\DSED-07\IMSWebApp\dist\out-tsc\e2e\app.po.js
C:\Users\kiwizen\Desktop\kiwizen.code DSED\DSED-07\IMSWebApp\dist\out-tsc\e2e\app.po.js.map
C:\Users\kiwizen\Desktop\kiwizen.code DSED\DSED-07\IMSWebApp\dist\out-tsc\e2e\app.e2e-spec.js
C:\Users\kiwizen\Desktop\kiwizen.code DSED\DSED-07\IMSWebApp\dist\out-tsc\e2e\app.e2e-spec.js.map
C:\Users\kiwizen\Desktop\kiwizen.code DSED\DSED-07\IMSWebApp\dist\out-tsc\ClientApp\app\app.component.js
C:\Users\kiwizen\Desktop\kiwizen.code DSED\DSED-07\IMSWebApp\dist\out-tsc\ClientApp\app\app.component.js.map
C:\Users\kiwizen\Desktop\kiwizen.code DSED\DSED-07\IMSWebApp\dist\out-tsc\ClientApp\app\app.module.js
C:\Users\kiwizen\Desktop\kiwizen.code DSED\DSED-07\IMSWebApp\dist\out-tsc\ClientApp\app\app.module.js.map
C:\Users\kiwizen\Desktop\kiwizen.code DSED\DSED-07\IMSWebApp\dist\out-tsc\ClientApp\environments\environment.js
C:\Users\kiwizen\Desktop\kiwizen.code DSED\DSED-07\IMSWebApp\dist\out-tsc\ClientApp\environments\environment.js.map
C:\Users\kiwizen\Desktop\kiwizen.code DSED\DSED-07\IMSWebApp\dist\out-tsc\ClientApp\main.js
C:\Users\kiwizen\Desktop\kiwizen.code DSED\DSED-07\IMSWebApp\dist\out-tsc\ClientApp\main.js.map
C:\Users\kiwizen\Desktop\kiwizen.code DSED\DSED-07\IMSWebApp\dist\out-tsc\ClientApp\polyfills.js
C:\Users\kiwizen\Desktop\kiwizen.code DSED\DSED-07\IMSWebApp\dist\out-tsc\ClientApp\polyfills.js.map
C:\Users\kiwizen\Desktop\kiwizen.code DSED\DSED-07\IMSWebApp\dist\out-tsc\ClientApp\test.js
C:\Users\kiwizen\Desktop\kiwizen.code DSED\DSED-07\IMSWebApp\dist\out-tsc\ClientApp\test.js.map
C:\Users\kiwizen\Desktop\kiwizen.code DSED\DSED-07\IMSWebApp\dist\out-tsc\ClientApp\environments\environment.prod.js
C:\Users\kiwizen\Desktop\kiwizen.code DSED\DSED-07\IMSWebApp\dist\out-tsc\ClientApp\environments\environment.prod.js.map
C:\Users\kiwizen\Desktop\kiwizen.code DSED\DSED-07\IMSWebApp\dist\out-tsc\e2e\app.po.js
C:\Users\kiwizen\Desktop\kiwizen.code DSED\DSED-07\IMSWebApp\dist\out-tsc\e2e\app.po.js.map
C:\Users\kiwizen\Desktop\kiwizen.code DSED\DSED-07\IMSWebApp\dist\out-tsc\e2e\app.e2e-spec.js
C:\Users\kiwizen\Desktop\kiwizen.code DSED\DSED-07\IMSWebApp\dist\out-tsc\e2e\app.e2e-spec.js.map
C:\Users\kiwizen\Desktop\kiwizen.code DSED\DSED-07\IMSWebApp\dist\out-tsc\ClientApp\app\app.component.js
C:\Users\kiwizen\Desktop\kiwizen.code DSED\DSED-07\IMSWebApp\dist\out-tsc\ClientApp\app\app.component.js.map
C:\Users\kiwizen\Desktop\kiwizen.code DSED\DSED-07\IMSWebApp\dist\out-tsc\ClientApp\app\app.module.js
C:\Users\kiwizen\Desktop\kiwizen.code DSED\DSED-07\IMSWebApp\dist\out-tsc\ClientApp\app\app.module.js.map
C:\Users\kiwizen\Desktop\kiwizen.code DSED\DSED-07\IMSWebApp\dist\out-tsc\ClientApp\environments\environment.js
C:\Users\kiwizen\Desktop\kiwizen.code DSED\DSED-07\IMSWebApp\dist\out-tsc\ClientApp\environments\environment.js.map
C:\Users\kiwizen\Desktop\kiwizen.code DSED\DSED-07\IMSWebApp\dist\out-tsc\ClientApp\main.js
C:\Users\kiwizen\Desktop\kiwizen.code DSED\DSED-07\IMSWebApp\dist\out-tsc\ClientApp\main.js.map
C:\Users\kiwizen\Desktop\kiwizen.code DSED\DSED-07\IMSWebApp\dist\out-tsc\ClientApp\polyfills.js
C:\Users\kiwizen\Desktop\kiwizen.code DSED\DSED-07\IMSWebApp\dist\out-tsc\ClientApp\polyfills.js.map
C:\Users\kiwizen\Desktop\kiwizen.code DSED\DSED-07\IMSWebApp\dist\out-tsc\ClientApp\test.js
C:\Users\kiwizen\Desktop\kiwizen.code DSED\DSED-07\IMSWebApp\dist\out-tsc\ClientApp\test.js.map
C:\Users\kiwizen\Desktop\kiwizen.code DSED\DSED-07\IMSWebApp\dist\out-tsc\ClientApp\environments\environment.prod.js
C:\Users\kiwizen\Desktop\kiwizen.code DSED\DSED-07\IMSWebApp\dist\out-tsc\ClientApp\environments\environment.prod.js.map
C:\Users\kiwizen\Desktop\kiwizen.code DSED\DSED-07\IMSWebApp\dist\out-tsc\e2e\app.po.js
C:\Users\kiwizen\Desktop\kiwizen.code DSED\DSED-07\IMSWebApp\dist\out-tsc\e2e\app.po.js.map
C:\Users\kiwizen\Desktop\kiwizen.code DSED\DSED-07\IMSWebApp\dist\out-tsc\e2e\app.e2e-spec.js
C:\Users\kiwizen\Desktop\kiwizen.code DSED\DSED-07\IMSWebApp\dist\out-tsc\e2e\app.e2e-spec.js.map
C:\Users\kiwizen\Desktop\kiwizen.code DSED\DSED-07\IMSWebApp\dist\out-tsc\ClientApp\app\app.component.js
C:\Users\kiwizen\Desktop\kiwizen.code DSED\DSED-07\IMSWebApp\dist\out-tsc\ClientApp\app\app.component.js.map
C:\Users\kiwizen\Desktop\kiwizen.code DSED\DSED-07\IMSWebApp\dist\out-tsc\ClientApp\app\app.module.js
C:\Users\kiwizen\Desktop\kiwizen.code DSED\DSED-07\IMSWebApp\dist\out-tsc\ClientApp\app\app.module.js.map
C:\Users\kiwizen\Desktop\kiwizen.code DSED\DSED-07\IMSWebApp\dist\out-tsc\ClientApp\environments\environment.js
C:\Users\kiwizen\Desktop\kiwizen.code DSED\DSED-07\IMSWebApp\dist\out-tsc\ClientApp\environments\environment.js.map
C:\Users\kiwizen\Desktop\kiwizen.code DSED\DSED-07\IMSWebApp\dist\out-tsc\ClientApp\main.js
C:\Users\kiwizen\Desktop\kiwizen.code DSED\DSED-07\IMSWebApp\dist\out-tsc\ClientApp\main.js.map
C:\Users\kiwizen\Desktop\kiwizen.code DSED\DSED-07\IMSWebApp\dist\out-tsc\ClientApp\polyfills.js
C:\Users\kiwizen\Desktop\kiwizen.code DSED\DSED-07\IMSWebApp\dist\out-tsc\ClientApp\polyfills.js.map
C:\Users\kiwizen\Desktop\kiwizen.code DSED\DSED-07\IMSWebApp\dist\out-tsc\ClientApp\test.js
C:\Users\kiwizen\Desktop\kiwizen.code DSED\DSED-07\IMSWebApp\dist\out-tsc\ClientApp\test.js.map
C:\Users\kiwizen\Desktop\kiwizen.code DSED\DSED-07\IMSWebApp\dist\out-tsc\ClientApp\environments\environment.prod.js
C:\Users\kiwizen\Desktop\kiwizen.code DSED\DSED-07\IMSWebApp\dist\out-tsc\ClientApp\environments\environment.prod.js.map
C:\Users\kiwizen\Desktop\kiwizen.code DSED\DSED-07\IMSWebApp\v1\IMSWebApp\dist\out-tsc\e2e\app.po.js
C:\Users\kiwizen\Desktop\kiwizen.code DSED\DSED-07\IMSWebApp\v1\IMSWebApp\dist\out-tsc\e2e\app.po.js.map
C:\Users\kiwizen\Desktop\kiwizen.code DSED\DSED-07\IMSWebApp\v1\IMSWebApp\dist\out-tsc\e2e\app.e2e-spec.js
C:\Users\kiwizen\Desktop\kiwizen.code DSED\DSED-07\IMSWebApp\v1\IMSWebApp\dist\out-tsc\e2e\app.e2e-spec.js.map
C:\Users\kiwizen\Desktop\kiwizen.code DSED\DSED-07\IMSWebApp\v1\IMSWebApp\dist\out-tsc\ClientApp\app\app.component.js
C:\Users\kiwizen\Desktop\kiwizen.code DSED\DSED-07\IMSWebApp\v1\IMSWebApp\dist\out-tsc\ClientApp\app\app.component.js.map
C:\Users\kiwizen\Desktop\kiwizen.code DSED\DSED-07\IMSWebApp\v1\IMSWebApp\dist\out-tsc\ClientApp\app\app.module.js
C:\Users\kiwizen\Desktop\kiwizen.code DSED\DSED-07\IMSWebApp\v1\IMSWebApp\dist\out-tsc\ClientApp\app\app.module.js.map
C:\Users\kiwizen\Desktop\kiwizen.code DSED\DSED-07\IMSWebApp\v1\IMSWebApp\dist\out-tsc\ClientApp\environments\environment.js
C:\Users\kiwizen\Desktop\kiwizen.code DSED\DSED-07\IMSWebApp\v1\IMSWebApp\dist\out-tsc\ClientApp\environments\environment.js.map
C:\Users\kiwizen\Desktop\kiwizen.code DSED\DSED-07\IMSWebApp\v1\IMSWebApp\dist\out-tsc\ClientApp\main.js
C:\Users\kiwizen\Desktop\kiwizen.code DSED\DSED-07\IMSWebApp\v1\IMSWebApp\dist\out-tsc\ClientApp\main.js.map
C:\Users\kiwizen\Desktop\kiwizen.code DSED\DSED-07\IMSWebApp\v1\IMSWebApp\dist\out-tsc\ClientApp\polyfills.js
C:\Users\kiwizen\Desktop\kiwizen.code DSED\DSED-07\IMSWebApp\v1\IMSWebApp\dist\out-tsc\ClientApp\polyfills.js.map
C:\Users\kiwizen\Desktop\kiwizen.code DSED\DSED-07\IMSWebApp\v1\IMSWebApp\dist\out-tsc\ClientApp\test.js
C:\Users\kiwizen\Desktop\kiwizen.code DSED\DSED-07\IMSWebApp\v1\IMSWebApp\dist\out-tsc\ClientApp\test.js.map
C:\Users\kiwizen\Desktop\kiwizen.code DSED\DSED-07\IMSWebApp\v1\IMSWebApp\dist\out-tsc\ClientApp\environments\environment.prod.js
C:\Users\kiwizen\Desktop\kiwizen.code DSED\DSED-07\IMSWebApp\v1\IMSWebApp\dist\out-tsc\ClientApp\environments\environment.prod.js.map
C:\Users\kiwizen\Desktop\kiwizen.code DSED\DSED-07\IMSWebApp\v1\IMSWebApp\dist\out-tsc\e2e\app.po.js
C:\Users\kiwizen\Desktop\kiwizen.code DSED\DSED-07\IMSWebApp\v1\IMSWebApp\dist\out-tsc\e2e\app.po.js.map
C:\Users\kiwizen\Desktop\kiwizen.code DSED\DSED-07\IMSWebApp\v1\IMSWebApp\dist\out-tsc\e2e\app.e2e-spec.js
C:\Users\kiwizen\Desktop\kiwizen.code DSED\DSED-07\IMSWebApp\v1\IMSWebApp\dist\out-tsc\e2e\app.e2e-spec.js.map
C:\Users\kiwizen\Desktop\kiwizen.code DSED\DSED-07\IMSWebApp\v1\IMSWebApp\dist\out-tsc\ClientApp\app\app.component.js
C:\Users\kiwizen\Desktop\kiwizen.code DSED\DSED-07\IMSWebApp\v1\IMSWebApp\dist\out-tsc\ClientApp\app\app.component.js.map
C:\Users\kiwizen\Desktop\kiwizen.code DSED\DSED-07\IMSWebApp\v1\IMSWebApp\dist\out-tsc\ClientApp\app\app.module.js
C:\Users\kiwizen\Desktop\kiwizen.code DSED\DSED-07\IMSWebApp\v1\IMSWebApp\dist\out-tsc\ClientApp\app\app.module.js.map
C:\Users\kiwizen\Desktop\kiwizen.code DSED\DSED-07\IMSWebApp\v1\IMSWebApp\dist\out-tsc\ClientApp\environments\environment.js
C:\Users\kiwizen\Desktop\kiwizen.code DSED\DSED-07\IMSWebApp\v1\IMSWebApp\dist\out-tsc\ClientApp\environments\environment.js.map
C:\Users\kiwizen\Desktop\kiwizen.code DSED\DSED-07\IMSWebApp\v1\IMSWebApp\dist\out-tsc\ClientApp\main.js
C:\Users\kiwizen\Desktop\kiwizen.code DSED\DSED-07\IMSWebApp\v1\IMSWebApp\dist\out-tsc\ClientApp\main.js.map
C:\Users\kiwizen\Desktop\kiwizen.code DSED\DSED-07\IMSWebApp\v1\IMSWebApp\dist\out-tsc\ClientApp\polyfills.js
C:\Users\kiwizen\Desktop\kiwizen.code DSED\DSED-07\IMSWebApp\v1\IMSWebApp\dist\out-tsc\ClientApp\polyfills.js.map
C:\Users\kiwizen\Desktop\kiwizen.code DSED\DSED-07\IMSWebApp\v1\IMSWebApp\dist\out-tsc\ClientApp\test.js
C:\Users\kiwizen\Desktop\kiwizen.code DSED\DSED-07\IMSWebApp\v1\IMSWebApp\dist\out-tsc\ClientApp\test.js.map
C:\Users\kiwizen\Desktop\kiwizen.code DSED\DSED-07\IMSWebApp\v1\IMSWebApp\dist\out-tsc\ClientApp\environments\environment.prod.js
C:\Users\kiwizen\Desktop\kiwizen.code DSED\DSED-07\IMSWebApp\v1\IMSWebApp\dist\out-tsc\ClientApp\environments\environment.prod.js.map
C:\Users\kiwizen\Desktop\kiwizen.code DSED\DSED-07\IMSWebApp\v1\IMSWebApp\dist\out-tsc\e2e\app.po.js
C:\Users\kiwizen\Desktop\kiwizen.code DSED\DSED-07\IMSWebApp\v1\IMSWebApp\dist\out-tsc\e2e\app.po.js.map
C:\Users\kiwizen\Desktop\kiwizen.code DSED\DSED-07\IMSWebApp\v1\IMSWebApp\dist\out-tsc\e2e\app.e2e-spec.js
C:\Users\kiwizen\Desktop\kiwizen.code DSED\DSED-07\IMSWebApp\v1\IMSWebApp\dist\out-tsc\e2e\app.e2e-spec.js.map
C:\Users\kiwizen\Desktop\kiwizen.code DSED\DSED-07\IMSWebApp\v1\IMSWebApp\dist\out-tsc\ClientApp\app\app.component.js
C:\Users\kiwizen\Desktop\kiwizen.code DSED\DSED-07\IMSWebApp\v1\IMSWebApp\dist\out-tsc\ClientApp\app\app.component.js.map
C:\Users\kiwizen\Desktop\kiwizen.code DSED\DSED-07\IMSWebApp\v1\IMSWebApp\dist\out-tsc\ClientApp\app\app.module.js
C:\Users\kiwizen\Desktop\kiwizen.code DSED\DSED-07\IMSWebApp\v1\IMSWebApp\dist\out-tsc\ClientApp\app\app.module.js.map
C:\Users\kiwizen\Desktop\kiwizen.code DSED\DSED-07\IMSWebApp\v1\IMSWebApp\dist\out-tsc\ClientApp\environments\environment.js
C:\Users\kiwizen\Desktop\kiwizen.code DSED\DSED-07\IMSWebApp\v1\IMSWebApp\dist\out-tsc\ClientApp\environments\environment.js.map
C:\Users\kiwizen\Desktop\kiwizen.code DSED\DSED-07\IMSWebApp\v1\IMSWebApp\dist\out-tsc\ClientApp\main.js
C:\Users\kiwizen\Desktop\kiwizen.code DSED\DSED-07\IMSWebApp\v1\IMSWebApp\dist\out-tsc\ClientApp\main.js.map
C:\Users\kiwizen\Desktop\kiwizen.code DSED\DSED-07\IMSWebApp\v1\IMSWebApp\dist\out-tsc\ClientApp\polyfills.js
C:\Users\kiwizen\Desktop\kiwizen.code DSED\DSED-07\IMSWebApp\v1\IMSWebApp\dist\out-tsc\ClientApp\polyfills.js.map
C:\Users\kiwizen\Desktop\kiwizen.code DSED\DSED-07\IMSWebApp\v1\IMSWebApp\dist\out-tsc\ClientApp\test.js
C:\Users\kiwizen\Desktop\kiwizen.code DSED\DSED-07\IMSWebApp\v1\IMSWebApp\dist\out-tsc\ClientApp\test.js.map
C:\Users\kiwizen\Desktop\kiwizen.code DSED\DSED-07\IMSWebApp\v1\IMSWebApp\dist\out-tsc\ClientApp\environments\environment.prod.js
C:\Users\kiwizen\Desktop\kiwizen.code DSED\DSED-07\IMSWebApp\v1\IMSWebApp\dist\out-tsc\ClientApp\environments\environment.prod.js.map
C:\Users\kiwizen\Desktop\kiwizen.code DSED\DSED-07\IMSWebApp\v1\IMSWebApp\dist\out-tsc\e2e\app.po.js
C:\Users\kiwizen\Desktop\kiwizen.code DSED\DSED-07\IMSWebApp\v1\IMSWebApp\dist\out-tsc\e2e\app.po.js.map
C:\Users\kiwizen\Desktop\kiwizen.code DSED\DSED-07\IMSWebApp\v1\IMSWebApp\dist\out-tsc\e2e\app.e2e-spec.js
C:\Users\kiwizen\Desktop\kiwizen.code DSED\DSED-07\IMSWebApp\v1\IMSWebApp\dist\out-tsc\e2e\app.e2e-spec.js.map
C:\Users\kiwizen\Desktop\kiwizen.code DSED\DSED-07\IMSWebApp\v1\IMSWebApp\dist\out-tsc\ClientApp\app\app.component.js
C:\Users\kiwizen\Desktop\kiwizen.code DSED\DSED-07\IMSWebApp\v1\IMSWebApp\dist\out-tsc\ClientApp\app\app.component.js.map
C:\Users\kiwizen\Desktop\kiwizen.code DSED\DSED-07\IMSWebApp\v1\IMSWebApp\dist\out-tsc\ClientApp\app\app.module.js
C:\Users\kiwizen\Desktop\kiwizen.code DSED\DSED-07\IMSWebApp\v1\IMSWebApp\dist\out-tsc\ClientApp\app\app.module.js.map
C:\Users\kiwizen\Desktop\kiwizen.code DSED\DSED-07\IMSWebApp\v1\IMSWebApp\dist\out-tsc\ClientApp\environments\environment.js
C:\Users\kiwizen\Desktop\kiwizen.code DSED\DSED-07\IMSWebApp\v1\IMSWebApp\dist\out-tsc\ClientApp\environments\environment.js.map
C:\Users\kiwizen\Desktop\kiwizen.code DSED\DSED-07\IMSWebApp\v1\IMSWebApp\dist\out-tsc\ClientApp\main.js
C:\Users\kiwizen\Desktop\kiwizen.code DSED\DSED-07\IMSWebApp\v1\IMSWebApp\dist\out-tsc\ClientApp\main.js.map
C:\Users\kiwizen\Desktop\kiwizen.code DSED\DSED-07\IMSWebApp\v1\IMSWebApp\dist\out-tsc\ClientApp\polyfills.js
C:\Users\kiwizen\Desktop\kiwizen.code DSED\DSED-07\IMSWebApp\v1\IMSWebApp\dist\out-tsc\ClientApp\polyfills.js.map
C:\Users\kiwizen\Desktop\kiwizen.code DSED\DSED-07\IMSWebApp\v1\IMSWebApp\dist\out-tsc\ClientApp\test.js
C:\Users\kiwizen\Desktop\kiwizen.code DSED\DSED-07\IMSWebApp\v1\IMSWebApp\dist\out-tsc\ClientApp\test.js.map
C:\Users\kiwizen\Desktop\kiwizen.code DSED\DSED-07\IMSWebApp\v1\IMSWebApp\dist\out-tsc\ClientApp\environments\environment.prod.js
C:\Users\kiwizen\Desktop\kiwizen.code DSED\DSED-07\IMSWebApp\v1\IMSWebApp\dist\out-tsc\ClientApp\environments\environment.prod.js.map
C:\Users\kiwizen\Desktop\kiwizen.code DSED\DSED-07\IMSWebApp\v1\IMSWebApp\dist\out-tsc\e2e\app.po.js
C:\Users\kiwizen\Desktop\kiwizen.code DSED\DSED-07\IMSWebApp\v1\IMSWebApp\dist\out-tsc\e2e\app.po.js.map
C:\Users\kiwizen\Desktop\kiwizen.code DSED\DSED-07\IMSWebApp\v1\IMSWebApp\dist\out-tsc\e2e\app.e2e-spec.js
C:\Users\kiwizen\Desktop\kiwizen.code DSED\DSED-07\IMSWebApp\v1\IMSWebApp\dist\out-tsc\e2e\app.e2e-spec.js.map
C:\Users\kiwizen\Desktop\kiwizen.code DSED\DSED-07\IMSWebApp\v1\IMSWebApp\dist\out-tsc\ClientApp\app\app.component.js
C:\Users\kiwizen\Desktop\kiwizen.code DSED\DSED-07\IMSWebApp\v1\IMSWebApp\dist\out-tsc\ClientApp\app\app.component.js.map
C:\Users\kiwizen\Desktop\kiwizen.code DSED\DSED-07\IMSWebApp\v1\IMSWebApp\dist\out-tsc\ClientApp\app\app.module.js
C:\Users\kiwizen\Desktop\kiwizen.code DSED\DSED-07\IMSWebApp\v1\IMSWebApp\dist\out-tsc\ClientApp\app\app.module.js.map
C:\Users\kiwizen\Desktop\kiwizen.code DSED\DSED-07\IMSWebApp\v1\IMSWebApp\dist\out-tsc\ClientApp\environments\environment.js
C:\Users\kiwizen\Desktop\kiwizen.code DSED\DSED-07\IMSWebApp\v1\IMSWebApp\dist\out-tsc\ClientApp\environments\environment.js.map
C:\Users\kiwizen\Desktop\kiwizen.code DSED\DSED-07\IMSWebApp\v1\IMSWebApp\dist\out-tsc\ClientApp\main.js
C:\Users\kiwizen\Desktop\kiwizen.code DSED\DSED-07\IMSWebApp\v1\IMSWebApp\dist\out-tsc\ClientApp\main.js.map
C:\Users\kiwizen\Desktop\kiwizen.code DSED\DSED-07\IMSWebApp\v1\IMSWebApp\dist\out-tsc\ClientApp\polyfills.js
C:\Users\kiwizen\Desktop\kiwizen.code DSED\DSED-07\IMSWebApp\v1\IMSWebApp\dist\out-tsc\ClientApp\polyfills.js.map
C:\Users\kiwizen\Desktop\kiwizen.code DSED\DSED-07\IMSWebApp\v1\IMSWebApp\dist\out-tsc\ClientApp\test.js
C:\Users\kiwizen\Desktop\kiwizen.code DSED\DSED-07\IMSWebApp\v1\IMSWebApp\dist\out-tsc\ClientApp\test.js.map
C:\Users\kiwizen\Desktop\kiwizen.code DSED\DSED-07\IMSWebApp\v1\IMSWebApp\dist\out-tsc\ClientApp\environments\environment.prod.js
C:\Users\kiwizen\Desktop\kiwizen.code DSED\DSED-07\IMSWebApp\v1\IMSWebApp\dist\out-tsc\ClientApp\environments\environment.prod.js.map
C:\Users\kiwizen\Desktop\kiwizen.code DSED\DSED-07\IMSWebApp\v1\IMSWebApp\dist\out-tsc\e2e\app.po.js
C:\Users\kiwizen\Desktop\kiwizen.code DSED\DSED-07\IMSWebApp\v1\IMSWebApp\dist\out-tsc\e2e\app.po.js.map
C:\Users\kiwizen\Desktop\kiwizen.code DSED\DSED-07\IMSWebApp\v1\IMSWebApp\dist\out-tsc\e2e\app.e2e-spec.js
C:\Users\kiwizen\Desktop\kiwizen.code DSED\DSED-07\IMSWebApp\v1\IMSWebApp\dist\out-tsc\e2e\app.e2e-spec.js.map
C:\Users\kiwizen\Desktop\kiwizen.code DSED\DSED-07\IMSWebApp\v1\IMSWebApp\dist\out-tsc\ClientApp\app\app.component.js
C:\Users\kiwizen\Desktop\kiwizen.code DSED\DSED-07\IMSWebApp\v1\IMSWebApp\dist\out-tsc\ClientApp\app\app.component.js.map
C:\Users\kiwizen\Desktop\kiwizen.code DSED\DSED-07\IMSWebApp\v1\IMSWebApp\dist\out-tsc\ClientApp\app\app.module.js
C:\Users\kiwizen\Desktop\kiwizen.code DSED\DSED-07\IMSWebApp\v1\IMSWebApp\dist\out-tsc\ClientApp\app\app.module.js.map
C:\Users\kiwizen\Desktop\kiwizen.code DSED\DSED-07\IMSWebApp\v1\IMSWebApp\dist\out-tsc\ClientApp\environments\environment.js
C:\Users\kiwizen\Desktop\kiwizen.code DSED\DSED-07\IMSWebApp\v1\IMSWebApp\dist\out-tsc\ClientApp\environments\environment.js.map
C:\Users\kiwizen\Desktop\kiwizen.code DSED\DSED-07\IMSWebApp\v1\IMSWebApp\dist\out-tsc\ClientApp\main.js
C:\Users\kiwizen\Desktop\kiwizen.code DSED\DSED-07\IMSWebApp\v1\IMSWebApp\dist\out-tsc\ClientApp\main.js.map
C:\Users\kiwizen\Desktop\kiwizen.code DSED\DSED-07\IMSWebApp\v1\IMSWebApp\dist\out-tsc\ClientApp\polyfills.js
C:\Users\kiwizen\Desktop\kiwizen.code DSED\DSED-07\IMSWebApp\v1\IMSWebApp\dist\out-tsc\ClientApp\polyfills.js.map
C:\Users\kiwizen\Desktop\kiwizen.code DSED\DSED-07\IMSWebApp\v1\IMSWebApp\dist\out-tsc\ClientApp\test.js
C:\Users\kiwizen\Desktop\kiwizen.code DSED\DSED-07\IMSWebApp\v1\IMSWebApp\dist\out-tsc\ClientApp\test.js.map
C:\Users\kiwizen\Desktop\kiwizen.code DSED\DSED-07\IMSWebApp\v1\IMSWebApp\dist\out-tsc\ClientApp\environments\environment.prod.js
C:\Users\kiwizen\Desktop\kiwizen.code DSED\DSED-07\IMSWebApp\v1\IMSWebApp\dist\out-tsc\ClientApp\environments\environment.prod.js.map
C:\Users\kiwizen\Desktop\kiwizen.code DSED\DSED-07\IMSWebApp\v1\IMSWebApp\dist\out-tsc\e2e\app.po.js
C:\Users\kiwizen\Desktop\kiwizen.code DSED\DSED-07\IMSWebApp\v1\IMSWebApp\dist\out-tsc\e2e\app.po.js.map
C:\Users\kiwizen\Desktop\kiwizen.code DSED\DSED-07\IMSWebApp\v1\IMSWebApp\dist\out-tsc\e2e\app.e2e-spec.js
C:\Users\kiwizen\Desktop\kiwizen.code DSED\DSED-07\IMSWebApp\v1\IMSWebApp\dist\out-tsc\e2e\app.e2e-spec.js.map
C:\Users\kiwizen\Desktop\kiwizen.code DSED\DSED-07\IMSWebApp\v1\IMSWebApp\dist\out-tsc\ClientApp\app\app.component.js
C:\Users\kiwizen\Desktop\kiwizen.code DSED\DSED-07\IMSWebApp\v1\IMSWebApp\dist\out-tsc\ClientApp\app\app.component.js.map
C:\Users\kiwizen\Desktop\kiwizen.code DSED\DSED-07\IMSWebApp\v1\IMSWebApp\dist\out-tsc\ClientApp\app\app.module.js
C:\Users\kiwizen\Desktop\kiwizen.code DSED\DSED-07\IMSWebApp\v1\IMSWebApp\dist\out-tsc\ClientApp\app\app.module.js.map
C:\Users\kiwizen\Desktop\kiwizen.code DSED\DSED-07\IMSWebApp\v1\IMSWebApp\dist\out-tsc\ClientApp\environments\environment.js
C:\Users\kiwizen\Desktop\kiwizen.code DSED\DSED-07\IMSWebApp\v1\IMSWebApp\dist\out-tsc\ClientApp\environments\environment.js.map
C:\Users\kiwizen\Desktop\kiwizen.code DSED\DSED-07\IMSWebApp\v1\IMSWebApp\dist\out-tsc\ClientApp\main.js
C:\Users\kiwizen\Desktop\kiwizen.code DSED\DSED-07\IMSWebApp\v1\IMSWebApp\dist\out-tsc\ClientApp\main.js.map
C:\Users\kiwizen\Desktop\kiwizen.code DSED\DSED-07\IMSWebApp\v1\IMSWebApp\dist\out-tsc\ClientApp\polyfills.js
C:\Users\kiwizen\Desktop\kiwizen.code DSED\DSED-07\IMSWebApp\v1\IMSWebApp\dist\out-tsc\ClientApp\polyfills.js.map
C:\Users\kiwizen\Desktop\kiwizen.code DSED\DSED-07\IMSWebApp\v1\IMSWebApp\dist\out-tsc\ClientApp\test.js
C:\Users\kiwizen\Desktop\kiwizen.code DSED\DSED-07\IMSWebApp\v1\IMSWebApp\dist\out-tsc\ClientApp\test.js.map
C:\Users\kiwizen\Desktop\kiwizen.code DSED\DSED-07\IMSWebApp\v1\IMSWebApp\dist\out-tsc\ClientApp\environments\environment.prod.js
C:\Users\kiwizen\Desktop\kiwizen.code DSED\DSED-07\IMSWebApp\v1\IMSWebApp\dist\out-tsc\ClientApp\environments\environment.prod.js.map
C:\Users\kiwizen\Desktop\kiwizen.code DSED\DSED-07\IMSWebApp\v1\IMSWebApp\dist\out-tsc\e2e\app.po.js
C:\Users\kiwizen\Desktop\kiwizen.code DSED\DSED-07\IMSWebApp\v1\IMSWebApp\dist\out-tsc\e2e\app.po.js.map
C:\Users\kiwizen\Desktop\kiwizen.code DSED\DSED-07\IMSWebApp\v1\IMSWebApp\dist\out-tsc\e2e\app.e2e-spec.js
C:\Users\kiwizen\Desktop\kiwizen.code DSED\DSED-07\IMSWebApp\v1\IMSWebApp\dist\out-tsc\e2e\app.e2e-spec.js.map
C:\Users\kiwizen\Desktop\kiwizen.code DSED\DSED-07\IMSWebApp\v1\IMSWebApp\dist\out-tsc\ClientApp\app\app.component.js
C:\Users\kiwizen\Desktop\kiwizen.code DSED\DSED-07\IMSWebApp\v1\IMSWebApp\dist\out-tsc\ClientApp\app\app.component.js.map
C:\Users\kiwizen\Desktop\kiwizen.code DSED\DSED-07\IMSWebApp\v1\IMSWebApp\dist\out-tsc\ClientApp\app\app.module.js
C:\Users\kiwizen\Desktop\kiwizen.code DSED\DSED-07\IMSWebApp\v1\IMSWebApp\dist\out-tsc\ClientApp\app\app.module.js.map
C:\Users\kiwizen\Desktop\kiwizen.code DSED\DSED-07\IMSWebApp\v1\IMSWebApp\dist\out-tsc\ClientApp\environments\environment.js
C:\Users\kiwizen\Desktop\kiwizen.code DSED\DSED-07\IMSWebApp\v1\IMSWebApp\dist\out-tsc\ClientApp\environments\environment.js.map
C:\Users\kiwizen\Desktop\kiwizen.code DSED\DSED-07\IMSWebApp\v1\IMSWebApp\dist\out-tsc\ClientApp\main.js
C:\Users\kiwizen\Desktop\kiwizen.code DSED\DSED-07\IMSWebApp\v1\IMSWebApp\dist\out-tsc\ClientApp\main.js.map
C:\Users\kiwizen\Desktop\kiwizen.code DSED\DSED-07\IMSWebApp\v1\IMSWebApp\dist\out-tsc\ClientApp\polyfills.js
C:\Users\kiwizen\Desktop\kiwizen.code DSED\DSED-07\IMSWebApp\v1\IMSWebApp\dist\out-tsc\ClientApp\polyfills.js.map
C:\Users\kiwizen\Desktop\kiwizen.code DSED\DSED-07\IMSWebApp\v1\IMSWebApp\dist\out-tsc\ClientApp\test.js
C:\Users\kiwizen\Desktop\kiwizen.code DSED\DSED-07\IMSWebApp\v1\IMSWebApp\dist\out-tsc\ClientApp\test.js.map
C:\Users\kiwizen\Desktop\kiwizen.code DSED\DSED-07\IMSWebApp\v1\IMSWebApp\dist\out-tsc\ClientApp\environments\environment.prod.js
C:\Users\kiwizen\Desktop\kiwizen.code DSED\DSED-07\IMSWebApp\v1\IMSWebApp\dist\out-tsc\ClientApp\environments\environment.prod.js.map
